28-Oct-2016 19:13:14 (debug) Launching process with PID: 6357

28-Oct-2016 19:13:14 (debug) Starting node with heartbeat every 10 seconds...
28-Oct-2016 19:13:14 (debug) Listening for UDP messages on port 8000
28-Oct-2016 19:13:14 (debug) Listening for TCP connections on port number: 38485
28-Oct-2016 19:13:24 (debug) Still alive...
28-Oct-2016 19:13:24 (debug) GETTING SOMETHING: add c296276b-ed4f-44ff-9919-7ce8a8ce0c98 38485
28-Oct-2016 19:13:25 (debug) GETTING SOMETHING: add d1ebfee2-9894-46ce-85ba-cf04b090c47b 45903
28-Oct-2016 19:13:25 (debug) CONNECTED TO PEER: 192.168.1.10:45903
28-Oct-2016 19:13:34 (debug) Still alive...
28-Oct-2016 19:13:35 (debug) GETTING SOMETHING: add d1ebfee2-9894-46ce-85ba-cf04b090c47b 45903
28-Oct-2016 19:13:44 (debug) Still alive...
28-Oct-2016 19:13:45 (debug) GETTING SOMETHING: add d1ebfee2-9894-46ce-85ba-cf04b090c47b 45903
28-Oct-2016 19:13:54 (debug) Still alive...
28-Oct-2016 19:13:55 (debug) GETTING SOMETHING: add d1ebfee2-9894-46ce-85ba-cf04b090c47b 45903
28-Oct-2016 19:14:04 (debug) Still alive...
28-Oct-2016 19:14:05 (debug) GETTING SOMETHING: add d1ebfee2-9894-46ce-85ba-cf04b090c47b 45903
28-Oct-2016 19:14:14 (debug) Still alive...
28-Oct-2016 19:14:15 (debug) GETTING SOMETHING: add d1ebfee2-9894-46ce-85ba-cf04b090c47b 45903
28-Oct-2016 19:14:24 (debug) Still alive...
28-Oct-2016 19:14:34 (debug) Still alive...
28-Oct-2016 19:14:44 (debug) Still alive...
